<?xml version="1.0" encoding="UTF-8"?>
<testng-results skipped="0" failed="0" total="2" passed="2">
  <reporter-output>
  </reporter-output>
  <suite name="Suite" duration-ms="24111" started-at="2020-08-17T15:57:51Z" finished-at="2020-08-17T15:58:15Z">
    <groups>
    </groups>
    <test name="Test" duration-ms="24111" started-at="2020-08-17T15:57:51Z" finished-at="2020-08-17T15:58:15Z">
      <class name="tests.LoginTests">
        <test-method status="PASS" signature="setup()[pri:0, instance:tests.LoginTests@2819c460]" name="setup" is-config="true" duration-ms="11610" started-at="2020-08-17T21:27:51Z" description="Class Level Setup!" finished-at="2020-08-17T21:28:03Z">
          <reporter-output>
          </reporter-output>
        </test-method> <!-- setup -->
        <test-method status="PASS" signature="Google()[pri:0, instance:tests.LoginTests@2819c460]" name="Google" duration-ms="7867" started-at="2020-08-17T21:28:03Z" description="Google" finished-at="2020-08-17T21:28:11Z">
          <reporter-output>
          </reporter-output>
        </test-method> <!-- Google -->
        <test-method status="PASS" signature="Twingo()[pri:0, instance:tests.LoginTests@2819c460]" name="Twingo" duration-ms="2249" started-at="2020-08-17T21:28:11Z" description="Twingo" finished-at="2020-08-17T21:28:13Z">
          <reporter-output>
          </reporter-output>
        </test-method> <!-- Twingo -->
        <test-method status="PASS" signature="teardown()[pri:0, instance:tests.LoginTests@2819c460]" name="teardown" is-config="true" duration-ms="1724" started-at="2020-08-17T21:28:13Z" description="Class Level Teardown!" finished-at="2020-08-17T21:28:15Z">
          <reporter-output>
          </reporter-output>
        </test-method> <!-- teardown -->
      </class> <!-- tests.LoginTests -->
    </test> <!-- Test -->
  </suite> <!-- Suite -->
</testng-results>
