<?xml version="1.0" encoding="UTF-8"?>
<testng-results skipped="0" failed="0" total="2" passed="2">
  <reporter-output>
  </reporter-output>
  <suite name="Default suite" duration-ms="17087" started-at="2020-08-17T16:24:04Z" finished-at="2020-08-17T16:24:22Z">
    <groups>
    </groups>
    <test name="Default test" duration-ms="17087" started-at="2020-08-17T16:24:04Z" finished-at="2020-08-17T16:24:22Z">
      <class name="tests.LoginTests">
        <test-method status="PASS" signature="setup()[pri:0, instance:tests.LoginTests@12d4bf7e]" name="setup" is-config="true" duration-ms="7527" started-at="2020-08-17T21:54:04Z" description="Class Level Setup!" finished-at="2020-08-17T21:54:12Z">
          <reporter-output>
          </reporter-output>
        </test-method> <!-- setup -->
        <test-method status="PASS" signature="Twingo()[pri:0, instance:tests.LoginTests@12d4bf7e]" name="Twingo" duration-ms="3073" started-at="2020-08-17T21:54:12Z" finished-at="2020-08-17T21:54:15Z">
          <reporter-output>
          </reporter-output>
        </test-method> <!-- Twingo -->
        <test-method status="PASS" signature="Google()[pri:0, instance:tests.LoginTests@12d4bf7e]" name="Google" duration-ms="4759" started-at="2020-08-17T21:54:15Z" finished-at="2020-08-17T21:54:20Z">
          <reporter-output>
          </reporter-output>
        </test-method> <!-- Google -->
        <test-method status="PASS" signature="teardown()[pri:0, instance:tests.LoginTests@12d4bf7e]" name="teardown" is-config="true" duration-ms="1349" started-at="2020-08-17T21:54:20Z" description="Class Level Teardown!" finished-at="2020-08-17T21:54:22Z">
          <reporter-output>
          </reporter-output>
        </test-method> <!-- teardown -->
      </class> <!-- tests.LoginTests -->
    </test> <!-- Default test -->
  </suite> <!-- Default suite -->
</testng-results>
